#
# There is insufficient memory for the Java Runtime Environment to continue.
# Native memory allocation (malloc) failed to allocate 702608 bytes for Chunk::new
# Possible reasons:
#   The system is out of physical RAM or swap space
#   The process is running with CompressedOops enabled, and the Java Heap may be blocking the growth of the native heap
# Possible solutions:
#   Reduce memory load on the system
#   Increase physical memory or swap space
#   Check if swap backing store is full
#   Decrease Java heap size (-Xmx/-Xms)
#   Decrease number of Java threads
#   Decrease Java thread stack sizes (-Xss)
#   Set larger code cache with -XX:ReservedCodeCacheSize=
#   JVM is running with Unscaled Compressed Oops mode in which the Java heap is
#     placed in the first 4GB address space. The Java Heap base address is the
#     maximum limit for the native heap growth. Please use -XX:HeapBaseMinAddress
#     to set the Java Heap base and to place the Java Heap above 4GB virtual address.
# This output file may be truncated or incomplete.
#
#  Out of Memory Error (arena.cpp:168), pid=26620, tid=5620
#
# JRE version: Java(TM) SE Runtime Environment (21.0.2+13) (build 21.0.2+13-LTS-58)
# Java VM: Java HotSpot(TM) 64-Bit Server VM (21.0.2+13-LTS-58, mixed mode, sharing, tiered, compressed oops, compressed class ptrs, g1 gc, windows-amd64)
# No core dump will be written. Minidumps are not enabled by default on client versions of Windows
#

---------------  S U M M A R Y ------------

Command Line: -DwatchParentProcess=false -XX:+ExitOnOutOfMemoryError -XX:+HeapDumpOnOutOfMemoryError -XX:HeapDumpPath=c:\Users\duafi\AppData\Roaming\Code\User\globalStorage\redhat.vscode-xml -Xmx64M org.eclipse.lemminx.XMLServerLauncher

Host: AMD Ryzen 5 3500U with Radeon Vega Mobile Gfx  , 8 cores, 5G,  Windows 11 , 64 bit Build 22621 (10.0.22621.3085)
Time: Wed Feb 28 14:16:42 2024 SE Asia Standard Time elapsed time: 134.007864 seconds (0d 0h 2m 14s)

---------------  T H R E A D  ---------------

Current thread (0x00000224ac7f3b10):  JavaThread "C2 CompilerThread0" daemon [_thread_in_native, id=5620, stack(0x000000362f600000,0x000000362f700000) (1024K)]


Current CompileTask:
C2: 134008 1771       4       com.google.gson.stream.JsonReader::nextQuotedValue (270 bytes)

Stack: [0x000000362f600000,0x000000362f700000]
Native frames: (J=compiled Java code, j=interpreted, Vv=VM code, C=native code)
V  [jvm.dll+0x6cade9]
V  [jvm.dll+0x8569c1]
V  [jvm.dll+0x858d2e]
V  [jvm.dll+0x859413]
V  [jvm.dll+0x280e56]
V  [jvm.dll+0xc3f3d]
V  [jvm.dll+0xc4473]
V  [jvm.dll+0x3b5c2c]
V  [jvm.dll+0x382855]
V  [jvm.dll+0x381cca]
V  [jvm.dll+0x249bd0]
V  [jvm.dll+0x2491b1]
V  [jvm.dll+0x1c9634]
V  [jvm.dll+0x258859]
V  [jvm.dll+0x256e3a]
V  [jvm.dll+0x3ef6c6]
V  [jvm.dll+0x7ff568]
V  [jvm.dll+0x6c953d]
C  [ucrtbase.dll+0x29363]
C  [KERNEL32.DLL+0x1257d]
C  [ntdll.dll+0x5aa58]


---------------  P R O C E S S  ---------------

Threads class SMR info:
_java_thread_list=0x00000224f20369a0, length=20, elements={
0x00000224ac7e0340, 0x000002249265db40, 0x00000224ac7e2d90, 0x00000224ac7e7b80,
0x00000224ac7edff0, 0x00000224ac7ecd30, 0x00000224ac7f3b10, 0x00000224ac7f4d50,
0x00000224aca5c2e0, 0x00000224aca75d50, 0x00000224acd0d150, 0x00000224903dc790,
0x00000224f21d5f60, 0x00000224f2dc7ff0, 0x00000224f2df5200, 0x00000224ac9d0080,
0x00000224ac9d6c10, 0x00000224ac9d7280, 0x00000224f2f21060, 0x00000224f2f209d0
}

Java Threads: ( => current thread )
  0x00000224ac7e0340 JavaThread "Reference Handler"          daemon [_thread_blocked, id=22380, stack(0x000000362f000000,0x000000362f100000) (1024K)]
  0x000002249265db40 JavaThread "Finalizer"                  daemon [_thread_blocked, id=27712, stack(0x000000362f100000,0x000000362f200000) (1024K)]
  0x00000224ac7e2d90 JavaThread "Signal Dispatcher"          daemon [_thread_blocked, id=14016, stack(0x000000362f200000,0x000000362f300000) (1024K)]
  0x00000224ac7e7b80 JavaThread "Attach Listener"            daemon [_thread_blocked, id=18060, stack(0x000000362f300000,0x000000362f400000) (1024K)]
  0x00000224ac7edff0 JavaThread "Service Thread"             daemon [_thread_blocked, id=29476, stack(0x000000362f400000,0x000000362f500000) (1024K)]
  0x00000224ac7ecd30 JavaThread "Monitor Deflation Thread"   daemon [_thread_blocked, id=5068, stack(0x000000362f500000,0x000000362f600000) (1024K)]
=>0x00000224ac7f3b10 JavaThread "C2 CompilerThread0"         daemon [_thread_in_native, id=5620, stack(0x000000362f600000,0x000000362f700000) (1024K)]
  0x00000224ac7f4d50 JavaThread "C1 CompilerThread0"         daemon [_thread_blocked, id=21724, stack(0x000000362f700000,0x000000362f800000) (1024K)]
  0x00000224aca5c2e0 JavaThread "Notification Thread"        daemon [_thread_blocked, id=30820, stack(0x000000362f800000,0x000000362f900000) (1024K)]
  0x00000224aca75d50 JavaThread "Common-Cleaner"             daemon [_thread_blocked, id=23068, stack(0x000000362f900000,0x000000362fa00000) (1024K)]
  0x00000224acd0d150 JavaThread "pool-4-thread-1"                   [_thread_in_native, id=19264, stack(0x000000362fa00000,0x000000362fb00000) (1024K)]
  0x00000224903dc790 JavaThread "DestroyJavaVM"                     [_thread_blocked, id=15208, stack(0x000000362e800000,0x000000362e900000) (1024K)]
  0x00000224f21d5f60 JavaThread "pool-5-thread-1"                   [_thread_blocked, id=24256, stack(0x000000362fb00000,0x000000362fc00000) (1024K)]
  0x00000224f2dc7ff0 JavaThread "ForkJoinPool.commonPool-worker-2" daemon [_thread_blocked, id=30972, stack(0x000000362fd00000,0x000000362fe00000) (1024K)]
  0x00000224f2df5200 JavaThread "ForkJoinPool.commonPool-worker-3" daemon [_thread_blocked, id=27748, stack(0x000000362fe00000,0x000000362ff00000) (1024K)]
  0x00000224ac9d0080 JavaThread "ForkJoinPool.commonPool-worker-4" daemon [_thread_blocked, id=11704, stack(0x000000362ff00000,0x0000003630000000) (1024K)]
  0x00000224ac9d6c10 JavaThread "ForkJoinPool.commonPool-worker-5" daemon [_thread_blocked, id=20628, stack(0x0000003630000000,0x0000003630100000) (1024K)]
  0x00000224ac9d7280 JavaThread "ForkJoinPool.commonPool-worker-6" daemon [_thread_blocked, id=20284, stack(0x0000003630100000,0x0000003630200000) (1024K)]
  0x00000224f2f21060 JavaThread "ForkJoinPool.commonPool-worker-7" daemon [_thread_blocked, id=9948, stack(0x000000362e500000,0x000000362e600000) (1024K)]
  0x00000224f2f209d0 JavaThread "ForkJoinPool.commonPool-worker-8" daemon [_thread_blocked, id=5820, stack(0x000000362e600000,0x000000362e700000) (1024K)]
Total: 20

Other Threads:
  0x0000022492642490 VMThread "VM Thread"                           [id=4248, stack(0x000000362ef00000,0x000000362f000000) (1024K)]
  0x00000224926279d0 WatcherThread "VM Periodic Task Thread"        [id=10460, stack(0x000000362ee00000,0x000000362ef00000) (1024K)]
  0x00000224925b3040 WorkerThread "GC Thread#0"                     [id=21740, stack(0x000000362e900000,0x000000362ea00000) (1024K)]
  0x00000224f2dd87f0 WorkerThread "GC Thread#1"                     [id=25120, stack(0x0000003630200000,0x0000003630300000) (1024K)]
  0x00000224f2dd8b90 WorkerThread "GC Thread#2"                     [id=10912, stack(0x0000003630300000,0x0000003630400000) (1024K)]
  0x00000224f2dd8f30 WorkerThread "GC Thread#3"                     [id=2112, stack(0x0000003630400000,0x0000003630500000) (1024K)]
  0x00000224f2dd92d0 WorkerThread "GC Thread#4"                     [id=11176, stack(0x0000003630500000,0x0000003630600000) (1024K)]
  0x00000224f2dd9670 WorkerThread "GC Thread#5"                     [id=24812, stack(0x0000003630600000,0x0000003630700000) (1024K)]
  0x00000224f2ddcaf0 WorkerThread "GC Thread#6"                     [id=20176, stack(0x0000003630700000,0x0000003630800000) (1024K)]
  0x00000224f2ed76a0 WorkerThread "GC Thread#7"                     [id=26712, stack(0x0000003630800000,0x0000003630900000) (1024K)]
  0x00000224925b49d0 ConcurrentGCThread "G1 Main Marker"            [id=12284, stack(0x000000362ea00000,0x000000362eb00000) (1024K)]
  0x00000224925b5e20 WorkerThread "G1 Conc#0"                       [id=18924, stack(0x000000362eb00000,0x000000362ec00000) (1024K)]
  0x0000022492619650 ConcurrentGCThread "G1 Refine#0"               [id=30348, stack(0x000000362ec00000,0x000000362ed00000) (1024K)]
  0x000002249261a1c0 ConcurrentGCThread "G1 Service"                [id=23672, stack(0x000000362ed00000,0x000000362ee00000) (1024K)]
Total: 14

Threads with active compile tasks:
C2 CompilerThread0   134124 1771       4       com.google.gson.stream.JsonReader::nextQuotedValue (270 bytes)
Total: 1

VM state: not at safepoint (normal execution)

VM Mutex/Monitor currently owned by a thread: None

Heap address: 0x00000000fc000000, size: 64 MB, Compressed Oops mode: 32-bit

CDS archive(s) mapped at: [0x00000224ad000000-0x00000224adc90000-0x00000224adc90000), size 13172736, SharedBaseAddress: 0x00000224ad000000, ArchiveRelocationMode: 1.
Compressed class space mapped at: 0x00000224ae000000-0x00000224ee000000, reserved size: 1073741824
Narrow klass base: 0x00000224ad000000, Narrow klass shift: 0, Narrow klass range: 0x100000000

GC Precious Log:
 CardTable entry size: 512
 Card Set container configuration: InlinePtr #cards 5 size 8 Array Of Cards #cards 12 size 40 Howl #buckets 4 coarsen threshold 1843 Howl Bitmap #cards 512 size 80 coarsen threshold 460 Card regions per heap region 1 cards per card region 2048
 CPUs: 8 total, 8 available
 Memory: 6055M
 Large Page Support: Disabled
 NUMA Support: Disabled
 Compressed Oops: Enabled (32-bit)
 Heap Region Size: 1M
 Heap Min Capacity: 8M
 Heap Initial Capacity: 64M
 Heap Max Capacity: 64M
 Pre-touch: Disabled
 Parallel Workers: 8
 Concurrent Workers: 2
 Concurrent Refinement Workers: 8
 Periodic GC: Disabled

Heap:
 garbage-first heap   total 65536K, used 12373K [0x00000000fc000000, 0x0000000100000000)
  region size 1024K, 11 young (11264K), 3 survivors (3072K)
 Metaspace       used 9483K, committed 9664K, reserved 1114112K
  class space    used 1115K, committed 1216K, reserved 1048576K

Heap Regions: E=young(eden), S=young(survivor), O=old, HS=humongous(starts), HC=humongous(continues), CS=collection set, F=free, TAMS=top-at-mark-start, PB=parsable bottom
|   0|0x00000000fc000000, 0x00000000fc100000, 0x00000000fc100000|100%|HS|  |TAMS 0x00000000fc000000| PB 0x00000000fc000000| Complete 
|   1|0x00000000fc100000, 0x00000000fc200000, 0x00000000fc200000|100%| O|  |TAMS 0x00000000fc100000| PB 0x00000000fc100000| Untracked 
|   2|0x00000000fc200000, 0x00000000fc215540, 0x00000000fc300000|  8%| O|  |TAMS 0x00000000fc200000| PB 0x00000000fc200000| Untracked 
|   3|0x00000000fc300000, 0x00000000fc300000, 0x00000000fc400000|  0%| F|  |TAMS 0x00000000fc300000| PB 0x00000000fc300000| Untracked 
|   4|0x00000000fc400000, 0x00000000fc400000, 0x00000000fc500000|  0%| F|  |TAMS 0x00000000fc400000| PB 0x00000000fc400000| Untracked 
|   5|0x00000000fc500000, 0x00000000fc500000, 0x00000000fc600000|  0%| F|  |TAMS 0x00000000fc500000| PB 0x00000000fc500000| Untracked 
|   6|0x00000000fc600000, 0x00000000fc600000, 0x00000000fc700000|  0%| F|  |TAMS 0x00000000fc600000| PB 0x00000000fc600000| Untracked 
|   7|0x00000000fc700000, 0x00000000fc700000, 0x00000000fc800000|  0%| F|  |TAMS 0x00000000fc700000| PB 0x00000000fc700000| Untracked 
|   8|0x00000000fc800000, 0x00000000fc800000, 0x00000000fc900000|  0%| F|  |TAMS 0x00000000fc800000| PB 0x00000000fc800000| Untracked 
|   9|0x00000000fc900000, 0x00000000fc900000, 0x00000000fca00000|  0%| F|  |TAMS 0x00000000fc900000| PB 0x00000000fc900000| Untracked 
|  10|0x00000000fca00000, 0x00000000fca00000, 0x00000000fcb00000|  0%| F|  |TAMS 0x00000000fca00000| PB 0x00000000fca00000| Untracked 
|  11|0x00000000fcb00000, 0x00000000fcb00000, 0x00000000fcc00000|  0%| F|  |TAMS 0x00000000fcb00000| PB 0x00000000fcb00000| Untracked 
|  12|0x00000000fcc00000, 0x00000000fcc00000, 0x00000000fcd00000|  0%| F|  |TAMS 0x00000000fcc00000| PB 0x00000000fcc00000| Untracked 
|  13|0x00000000fcd00000, 0x00000000fcd00000, 0x00000000fce00000|  0%| F|  |TAMS 0x00000000fcd00000| PB 0x00000000fcd00000| Untracked 
|  14|0x00000000fce00000, 0x00000000fce00000, 0x00000000fcf00000|  0%| F|  |TAMS 0x00000000fce00000| PB 0x00000000fce00000| Untracked 
|  15|0x00000000fcf00000, 0x00000000fcf00000, 0x00000000fd000000|  0%| F|  |TAMS 0x00000000fcf00000| PB 0x00000000fcf00000| Untracked 
|  16|0x00000000fd000000, 0x00000000fd000000, 0x00000000fd100000|  0%| F|  |TAMS 0x00000000fd000000| PB 0x00000000fd000000| Untracked 
|  17|0x00000000fd100000, 0x00000000fd100000, 0x00000000fd200000|  0%| F|  |TAMS 0x00000000fd100000| PB 0x00000000fd100000| Untracked 
|  18|0x00000000fd200000, 0x00000000fd200000, 0x00000000fd300000|  0%| F|  |TAMS 0x00000000fd200000| PB 0x00000000fd200000| Untracked 
|  19|0x00000000fd300000, 0x00000000fd300000, 0x00000000fd400000|  0%| F|  |TAMS 0x00000000fd300000| PB 0x00000000fd300000| Untracked 
|  20|0x00000000fd400000, 0x00000000fd400000, 0x00000000fd500000|  0%| F|  |TAMS 0x00000000fd400000| PB 0x00000000fd400000| Untracked 
|  21|0x00000000fd500000, 0x00000000fd500000, 0x00000000fd600000|  0%| F|  |TAMS 0x00000000fd500000| PB 0x00000000fd500000| Untracked 
|  22|0x00000000fd600000, 0x00000000fd600000, 0x00000000fd700000|  0%| F|  |TAMS 0x00000000fd600000| PB 0x00000000fd600000| Untracked 
|  23|0x00000000fd700000, 0x00000000fd700000, 0x00000000fd800000|  0%| F|  |TAMS 0x00000000fd700000| PB 0x00000000fd700000| Untracked 
|  24|0x00000000fd800000, 0x00000000fd800000, 0x00000000fd900000|  0%| F|  |TAMS 0x00000000fd800000| PB 0x00000000fd800000| Untracked 
|  25|0x00000000fd900000, 0x00000000fd900000, 0x00000000fda00000|  0%| F|  |TAMS 0x00000000fd900000| PB 0x00000000fd900000| Untracked 
|  26|0x00000000fda00000, 0x00000000fda00000, 0x00000000fdb00000|  0%| F|  |TAMS 0x00000000fda00000| PB 0x00000000fda00000| Untracked 
|  27|0x00000000fdb00000, 0x00000000fdb00000, 0x00000000fdc00000|  0%| F|  |TAMS 0x00000000fdb00000| PB 0x00000000fdb00000| Untracked 
|  28|0x00000000fdc00000, 0x00000000fdc00000, 0x00000000fdd00000|  0%| F|  |TAMS 0x00000000fdc00000| PB 0x00000000fdc00000| Untracked 
|  29|0x00000000fdd00000, 0x00000000fdd00000, 0x00000000fde00000|  0%| F|  |TAMS 0x00000000fdd00000| PB 0x00000000fdd00000| Untracked 
|  30|0x00000000fde00000, 0x00000000fde00000, 0x00000000fdf00000|  0%| F|  |TAMS 0x00000000fde00000| PB 0x00000000fde00000| Untracked 
|  31|0x00000000fdf00000, 0x00000000fdf00000, 0x00000000fe000000|  0%| F|  |TAMS 0x00000000fdf00000| PB 0x00000000fdf00000| Untracked 
|  32|0x00000000fe000000, 0x00000000fe000000, 0x00000000fe100000|  0%| F|  |TAMS 0x00000000fe000000| PB 0x00000000fe000000| Untracked 
|  33|0x00000000fe100000, 0x00000000fe100000, 0x00000000fe200000|  0%| F|  |TAMS 0x00000000fe100000| PB 0x00000000fe100000| Untracked 
|  34|0x00000000fe200000, 0x00000000fe200000, 0x00000000fe300000|  0%| F|  |TAMS 0x00000000fe200000| PB 0x00000000fe200000| Untracked 
|  35|0x00000000fe300000, 0x00000000fe300000, 0x00000000fe400000|  0%| F|  |TAMS 0x00000000fe300000| PB 0x00000000fe300000| Untracked 
|  36|0x00000000fe400000, 0x00000000fe400000, 0x00000000fe500000|  0%| F|  |TAMS 0x00000000fe400000| PB 0x00000000fe400000| Untracked 
|  37|0x00000000fe500000, 0x00000000fe500000, 0x00000000fe600000|  0%| F|  |TAMS 0x00000000fe500000| PB 0x00000000fe500000| Untracked 
|  38|0x00000000fe600000, 0x00000000fe700000, 0x00000000fe700000|100%| S|CS|TAMS 0x00000000fe600000| PB 0x00000000fe600000| Complete 
|  39|0x00000000fe700000, 0x00000000fe800000, 0x00000000fe800000|100%| S|CS|TAMS 0x00000000fe700000| PB 0x00000000fe700000| Complete 
|  40|0x00000000fe800000, 0x00000000fe900000, 0x00000000fe900000|100%| S|CS|TAMS 0x00000000fe800000| PB 0x00000000fe800000| Complete 
|  41|0x00000000fe900000, 0x00000000fe900000, 0x00000000fea00000|  0%| F|  |TAMS 0x00000000fe900000| PB 0x00000000fe900000| Untracked 
|  42|0x00000000fea00000, 0x00000000fea00000, 0x00000000feb00000|  0%| F|  |TAMS 0x00000000fea00000| PB 0x00000000fea00000| Untracked 
|  43|0x00000000feb00000, 0x00000000feb00000, 0x00000000fec00000|  0%| F|  |TAMS 0x00000000feb00000| PB 0x00000000feb00000| Untracked 
|  44|0x00000000fec00000, 0x00000000fec00000, 0x00000000fed00000|  0%| F|  |TAMS 0x00000000fec00000| PB 0x00000000fec00000| Untracked 
|  45|0x00000000fed00000, 0x00000000fed00000, 0x00000000fee00000|  0%| F|  |TAMS 0x00000000fed00000| PB 0x00000000fed00000| Untracked 
|  46|0x00000000fee00000, 0x00000000fee00000, 0x00000000fef00000|  0%| F|  |TAMS 0x00000000fee00000| PB 0x00000000fee00000| Untracked 
|  47|0x00000000fef00000, 0x00000000fef00000, 0x00000000ff000000|  0%| F|  |TAMS 0x00000000fef00000| PB 0x00000000fef00000| Untracked 
|  48|0x00000000ff000000, 0x00000000ff000000, 0x00000000ff100000|  0%| F|  |TAMS 0x00000000ff000000| PB 0x00000000ff000000| Untracked 
|  49|0x00000000ff100000, 0x00000000ff100000, 0x00000000ff200000|  0%| F|  |TAMS 0x00000000ff100000| PB 0x00000000ff100000| Untracked 
|  50|0x00000000ff200000, 0x00000000ff200000, 0x00000000ff300000|  0%| F|  |TAMS 0x00000000ff200000| PB 0x00000000ff200000| Untracked 
|  51|0x00000000ff300000, 0x00000000ff300000, 0x00000000ff400000|  0%| F|  |TAMS 0x00000000ff300000| PB 0x00000000ff300000| Untracked 
|  52|0x00000000ff400000, 0x00000000ff400000, 0x00000000ff500000|  0%| F|  |TAMS 0x00000000ff400000| PB 0x00000000ff400000| Untracked 
|  53|0x00000000ff500000, 0x00000000ff500000, 0x00000000ff600000|  0%| F|  |TAMS 0x00000000ff500000| PB 0x00000000ff500000| Untracked 
|  54|0x00000000ff600000, 0x00000000ff600000, 0x00000000ff700000|  0%| F|  |TAMS 0x00000000ff600000| PB 0x00000000ff600000| Untracked 
|  55|0x00000000ff700000, 0x00000000ff700000, 0x00000000ff800000|  0%| F|  |TAMS 0x00000000ff700000| PB 0x00000000ff700000| Untracked 
|  56|0x00000000ff800000, 0x00000000ff8511e8, 0x00000000ff900000| 31%| E|  |TAMS 0x00000000ff800000| PB 0x00000000ff800000| Complete 
|  57|0x00000000ff900000, 0x00000000ffa00000, 0x00000000ffa00000|100%| E|CS|TAMS 0x00000000ff900000| PB 0x00000000ff900000| Complete 
|  58|0x00000000ffa00000, 0x00000000ffb00000, 0x00000000ffb00000|100%| E|CS|TAMS 0x00000000ffa00000| PB 0x00000000ffa00000| Complete 
|  59|0x00000000ffb00000, 0x00000000ffc00000, 0x00000000ffc00000|100%| E|CS|TAMS 0x00000000ffb00000| PB 0x00000000ffb00000| Complete 
|  60|0x00000000ffc00000, 0x00000000ffd00000, 0x00000000ffd00000|100%| E|CS|TAMS 0x00000000ffc00000| PB 0x00000000ffc00000| Complete 
|  61|0x00000000ffd00000, 0x00000000ffe00000, 0x00000000ffe00000|100%| E|CS|TAMS 0x00000000ffd00000| PB 0x00000000ffd00000| Complete 
|  62|0x00000000ffe00000, 0x00000000fff00000, 0x00000000fff00000|100%| E|CS|TAMS 0x00000000ffe00000| PB 0x00000000ffe00000| Complete 
|  63|0x00000000fff00000, 0x0000000100000000, 0x0000000100000000|100%| E|CS|TAMS 0x00000000fff00000| PB 0x00000000fff00000| Complete 

Card table byte_map: [0x0000022490560000,0x0000022490580000] _byte_map_base: 0x000002248fd80000

Marking Bits: (CMBitMap*) 0x00000224925b3740
 Bits: [0x00000224a9d30000, 0x00000224a9e30000)

Polling page: 0x0000022490510000

Metaspace:

Usage:
  Non-class:      8.17 MB used.
      Class:      1.09 MB used.
       Both:      9.26 MB used.

Virtual space:
  Non-class space:       64.00 MB reserved,       8.25 MB ( 13%) committed,  1 nodes.
      Class space:        1.00 GB reserved,       1.19 MB ( <1%) committed,  1 nodes.
             Both:        1.06 GB reserved,       9.44 MB ( <1%) committed. 

Chunk freelists:
   Non-Class:  7.14 MB
       Class:  14.70 MB
        Both:  21.83 MB

MaxMetaspaceSize: unlimited
CompressedClassSpaceSize: 1.00 GB
Initial GC threshold: 21.00 MB
Current GC threshold: 21.00 MB
CDS: on
 - commit_granule_bytes: 65536.
 - commit_granule_words: 8192.
 - virtual_space_node_default_size: 8388608.
 - enlarge_chunks_in_place: 1.
 - use_allocation_guard: 0.


Internal statistics:

num_allocs_failed_limit: 0.
num_arena_births: 136.
num_arena_deaths: 0.
num_vsnodes_births: 2.
num_vsnodes_deaths: 0.
num_space_committed: 151.
num_space_uncommitted: 0.
num_chunks_returned_to_freelist: 0.
num_chunks_taken_from_freelist: 397.
num_chunk_merges: 0.
num_chunk_splits: 273.
num_chunks_enlarged: 210.
num_inconsistent_stats: 0.

CodeHeap 'non-profiled nmethods': size=120000Kb used=498Kb max_used=498Kb free=119501Kb
 bounds [0x00000224a24d0000, 0x00000224a2740000, 0x00000224a9a00000]
CodeHeap 'profiled nmethods': size=120000Kb used=3609Kb max_used=3609Kb free=116390Kb
 bounds [0x000002249aa00000, 0x000002249ad90000, 0x00000224a1f30000]
CodeHeap 'non-nmethods': size=5760Kb used=1406Kb max_used=1432Kb free=4353Kb
 bounds [0x00000224a1f30000, 0x00000224a21a0000, 0x00000224a24d0000]
 total_blobs=2296 nmethods=1794 adapters=407
 compilation: enabled
              stopped_count=0, restarted_count=0
 full_count=0

Compilation events (20 events):
Event: 133.918 Thread 0x00000224ac7f4d50 1793       3       org.eclipse.lemminx.dom.DOMNode::getChildren (16 bytes)
Event: 133.920 Thread 0x00000224ac7f4d50 nmethod 1793 0x000002249ad81d90 code [0x000002249ad81f40, 0x000002249ad82110]
Event: 133.938 Thread 0x00000224ac7f4d50 1794       3       com.google.gson.stream.JsonWriter::close (95 bytes)
Event: 133.943 Thread 0x00000224ac7f4d50 nmethod 1794 0x000002249ad82210 code [0x000002249ad824a0, 0x000002249ad82ec8]
Event: 133.943 Thread 0x00000224ac7f4d50 1795       1       org.eclipse.lemminx.dom.DOMDocument::getNodeType (3 bytes)
Event: 133.943 Thread 0x00000224ac7f4d50 nmethod 1795 0x00000224a254c490 code [0x00000224a254c620, 0x00000224a254c6e8]
Event: 133.943 Thread 0x00000224ac7f4d50 1797       3       org.eclipse.lemminx.dom.DOMNode::isDoctype (15 bytes)
Event: 133.944 Thread 0x00000224ac7f4d50 nmethod 1797 0x000002249ad83310 code [0x000002249ad834c0, 0x000002249ad836e0]
Event: 133.944 Thread 0x00000224ac7f4d50 1796       1       org.eclipse.lemminx.dom.DOMNode::getParentNode (5 bytes)
Event: 133.944 Thread 0x00000224ac7f4d50 nmethod 1796 0x00000224a254c790 code [0x00000224a254c920, 0x00000224a254c9e8]
Event: 133.963 Thread 0x00000224ac7f4d50 1798       3       java.lang.Long::stringSize (55 bytes)
Event: 133.964 Thread 0x00000224ac7f4d50 nmethod 1798 0x000002249ad83790 code [0x000002249ad83940, 0x000002249ad83bc0]
Event: 133.964 Thread 0x00000224ac7f4d50 1799       3       java.lang.Long::getChars (195 bytes)
Event: 133.966 Thread 0x00000224ac7f4d50 nmethod 1799 0x000002249ad83c90 code [0x000002249ad83e80, 0x000002249ad844a8]
Event: 133.967 Thread 0x00000224ac7f4d50 1800       3       com.google.gson.internal.bind.TypeAdapters$7::write (10 bytes)
Event: 133.972 Thread 0x00000224ac7f4d50 nmethod 1800 0x000002249ad84810 code [0x000002249ad84a60, 0x000002249ad85250]
Event: 133.973 Thread 0x00000224ac7f4d50 1801       3       com.google.gson.internal.bind.TypeAdapters$7::write (23 bytes)
Event: 133.974 Thread 0x00000224ac7f4d50 nmethod 1801 0x000002249ad85510 code [0x000002249ad85740, 0x000002249ad85de8]
Event: 133.975 Thread 0x00000224ac7f4d50 1802       3       com.google.gson.stream.JsonWriter::nullValue (43 bytes)
Event: 133.977 Thread 0x00000224ac7f4d50 nmethod 1802 0x000002249ad86010 code [0x000002249ad86200, 0x000002249ad86658]

GC Heap History (2 events):
Event: 6.238 GC heap before
{Heap before GC invocations=0 (full 0):
 garbage-first heap   total 65536K, used 24576K [0x00000000fc000000, 0x0000000100000000)
  region size 1024K, 23 young (23552K), 0 survivors (0K)
 Metaspace       used 7748K, committed 7872K, reserved 1114112K
  class space    used 900K, committed 960K, reserved 1048576K
}
Event: 6.326 GC heap after
{Heap after GC invocations=1 (full 0):
 garbage-first heap   total 65536K, used 5205K [0x00000000fc000000, 0x0000000100000000)
  region size 1024K, 3 young (3072K), 3 survivors (3072K)
 Metaspace       used 7748K, committed 7872K, reserved 1114112K
  class space    used 900K, committed 960K, reserved 1048576K
}

Dll operation events (6 events):
Event: 0.023 Loaded shared library C:\Program Files\Java\jdk-21\bin\java.dll
Event: 0.110 Loaded shared library C:\Program Files\Java\jdk-21\bin\jsvml.dll
Event: 0.170 Loaded shared library C:\Program Files\Java\jdk-21\bin\net.dll
Event: 0.176 Loaded shared library C:\Program Files\Java\jdk-21\bin\nio.dll
Event: 0.205 Loaded shared library C:\Program Files\Java\jdk-21\bin\zip.dll
Event: 0.308 Loaded shared library C:\Program Files\Java\jdk-21\bin\jimage.dll

Deoptimization events (20 events):
Event: 6.330 Thread 0x00000224ac7e0340 DEOPT PACKING pc=0x00000224a2519ce0 sp=0x000000362f0ff500
Event: 6.330 Thread 0x00000224ac7e0340 DEOPT UNPACKING pc=0x00000224a1f846a2 sp=0x000000362f0ff490 mode 2
Event: 6.330 Thread 0x00000224acd0d150 Uncommon trap: trap_request=0xffffff45 fr.pc=0x00000224a252b30c relative=0x000000000000006c
Event: 6.331 Thread 0x00000224acd0d150 Uncommon trap: reason=unstable_if action=reinterpret pc=0x00000224a252b30c method=java.lang.ref.ReferenceQueue.headIsNull()Z @ 4 c2
Event: 6.331 Thread 0x00000224acd0d150 DEOPT PACKING pc=0x00000224a252b30c sp=0x000000362fafd9a0
Event: 6.331 Thread 0x00000224acd0d150 DEOPT UNPACKING pc=0x00000224a1f846a2 sp=0x000000362fafd8c8 mode 2
Event: 6.421 Thread 0x00000224aca1f820 Uncommon trap: trap_request=0xffffff45 fr.pc=0x00000224a2523bbc relative=0x00000000000002dc
Event: 6.421 Thread 0x00000224aca1f820 Uncommon trap: reason=unstable_if action=reinterpret pc=0x00000224a2523bbc method=java.util.HashMap.hash(Ljava/lang/Object;)I @ 1 c2
Event: 6.421 Thread 0x00000224aca1f820 DEOPT PACKING pc=0x00000224a2523bbc sp=0x000000362fcfe7d0
Event: 6.421 Thread 0x00000224aca1f820 DEOPT UNPACKING pc=0x00000224a1f846a2 sp=0x000000362fcfe668 mode 2
Event: 6.512 Thread 0x00000224aca1f820 Uncommon trap: trap_request=0xffffff45 fr.pc=0x00000224a2511920 relative=0x00000000000002c0
Event: 6.512 Thread 0x00000224aca1f820 Uncommon trap: reason=unstable_if action=reinterpret pc=0x00000224a2511920 method=java.util.HashMap.hash(Ljava/lang/Object;)I @ 1 c2
Event: 6.512 Thread 0x00000224aca1f820 DEOPT PACKING pc=0x00000224a2511920 sp=0x000000362fcfe7a0
Event: 6.512 Thread 0x00000224aca1f820 DEOPT UNPACKING pc=0x00000224a1f846a2 sp=0x000000362fcfe698 mode 2
Event: 125.336 Thread 0x00000224ac9d6c10 DEOPT PACKING pc=0x000002249ad45549 sp=0x00000036300fe040
Event: 125.343 Thread 0x00000224ac9d6c10 DEOPT UNPACKING pc=0x00000224a1f84e42 sp=0x00000036300fd4e0 mode 0
Event: 125.356 Thread 0x00000224ac9d6c10 DEOPT PACKING pc=0x000002249ad45549 sp=0x00000036300fe040
Event: 125.356 Thread 0x00000224ac9d6c10 DEOPT UNPACKING pc=0x00000224a1f84e42 sp=0x00000036300fd4e0 mode 0
Event: 133.850 Thread 0x00000224acd0d150 DEOPT PACKING pc=0x000002249ab9737c sp=0x000000362fafe230
Event: 133.850 Thread 0x00000224acd0d150 DEOPT UNPACKING pc=0x00000224a1f84e42 sp=0x000000362fafd768 mode 0

Classes loaded (20 events):
Event: 6.698 Loading class org/xml/sax/SAXNotRecognizedException
Event: 6.698 Loading class org/xml/sax/SAXNotRecognizedException done
Event: 6.698 Loading class org/xml/sax/SAXNotSupportedException
Event: 6.698 Loading class org/xml/sax/SAXNotSupportedException done
Event: 6.698 Loading class org/xml/sax/AttributeList
Event: 6.698 Loading class org/xml/sax/AttributeList done
Event: 6.699 Loading class org/xml/sax/Attributes
Event: 6.699 Loading class org/xml/sax/Attributes done
Event: 6.699 Loading class org/xml/sax/Locator
Event: 6.699 Loading class org/xml/sax/Locator done
Event: 6.699 Loading class org/xml/sax/SAXParseException
Event: 6.700 Loading class org/xml/sax/SAXParseException done
Event: 6.703 Loading class org/xml/sax/ext/Attributes2
Event: 6.703 Loading class org/xml/sax/ext/Attributes2 done
Event: 6.703 Loading class java/lang/ArrayIndexOutOfBoundsException
Event: 6.703 Loading class java/lang/ArrayIndexOutOfBoundsException done
Event: 6.736 Loading class org/xml/sax/InputSource
Event: 6.736 Loading class org/xml/sax/InputSource done
Event: 6.775 Loading class org/xml/sax/ext/Locator2
Event: 6.778 Loading class org/xml/sax/ext/Locator2 done

Classes unloaded (0 events):
No events

Classes redefined (0 events):
No events

Internal exceptions (20 events):
Event: 1.551 Thread 0x00000224acd0d150 Exception <a 'java/lang/NoSuchMethodError'{0x00000000ff4665f8}: 'void java.lang.invoke.Invokers$Holder.invokeExact_MT(java.lang.Object, java.lang.Object, java.lang.Object, java.lang.Object)'> (0x00000000ff4665f8) 
thrown [s\open\src\hotspot\share\interpreter\linkResolver.cpp, line 773]
Event: 1.653 Thread 0x00000224acd0d150 Exception <a 'java/lang/NoSuchMethodError'{0x00000000ff4c1990}: 'void java.lang.invoke.DelegatingMethodHandle$Holder.reinvoke_L(java.lang.Object, java.lang.Object, int)'> (0x00000000ff4c1990) 
thrown [s\open\src\hotspot\share\interpreter\linkResolver.cpp, line 773]
Event: 1.656 Thread 0x00000224acd0d150 Exception <a 'java/lang/NoSuchMethodError'{0x00000000ff4c8500}: 'int java.lang.invoke.Invokers$Holder.invokeExact_MT(java.lang.Object, java.lang.Object, java.lang.Object)'> (0x00000000ff4c8500) 
thrown [s\open\src\hotspot\share\interpreter\linkResolver.cpp, line 773]
Event: 2.241 Thread 0x00000224acd0d150 Exception <a 'java/lang/NoSuchMethodError'{0x00000000ff2284e0}: 'java.lang.Object java.lang.invoke.DirectMethodHandle$Holder.invokeInterface(java.lang.Object, java.lang.Object, java.lang.Object)'> (0x00000000ff2284e0) 
thrown [s\open\src\hotspot\share\interpreter\linkResolver.cpp, line 773]
Event: 2.590 Thread 0x00000224acd0d150 Exception <a 'sun/nio/fs/WindowsException'{0x00000000ff2ca860}> (0x00000000ff2ca860) 
thrown [s\open\src\hotspot\share\prims\jni.cpp, line 520]
Event: 2.705 Thread 0x00000224acd0d150 Exception <a 'sun/nio/fs/WindowsException'{0x00000000ff2d0918}> (0x00000000ff2d0918) 
thrown [s\open\src\hotspot\share\prims\jni.cpp, line 520]
Event: 3.585 Thread 0x00000224acd0d150 Exception <a 'java/lang/ClassNotFoundException'{0x00000000fef06068}: sun/util/logging/resources/spi/loggingProvider> (0x00000000fef06068) 
thrown [s\open\src\hotspot\share\classfile\systemDictionary.cpp, line 312]
Event: 4.019 Thread 0x00000224acd0d150 Exception <a 'java/lang/NoSuchMethodError'{0x00000000fee8f170}: 'void java.lang.invoke.DirectMethodHandle$Holder.invokeInterface(java.lang.Object, java.lang.Object, java.lang.Object)'> (0x00000000fee8f170) 
thrown [s\open\src\hotspot\share\interpreter\linkResolver.cpp, line 773]
Event: 4.020 Thread 0x00000224acd0d150 Exception <a 'java/lang/IncompatibleClassChangeError'{0x00000000fee92250}: Found class java.lang.Object, but interface was expected> (0x00000000fee92250) 
thrown [s\open\src\hotspot\share\interpreter\linkResolver.cpp, line 840]
Event: 4.401 Thread 0x00000224acd0d150 Exception <a 'java/lang/NoSuchMethodError'{0x00000000feee0500}: 'java.lang.Object java.lang.invoke.DirectMethodHandle$Holder.invokeStaticInit(java.lang.Object, int, int, int, int)'> (0x00000000feee0500) 
thrown [s\open\src\hotspot\share\interpreter\linkResolver.cpp, line 773]
Event: 5.402 Thread 0x00000224acd0d150 Exception <a 'java/lang/NoSuchMethodError'{0x00000000feda6148}: 'java.lang.Object java.lang.invoke.DirectMethodHandle$Holder.invokeStaticInit(java.lang.Object, java.lang.Object, int, int, int, int)'> (0x00000000feda6148) 
thrown [s\open\src\hotspot\share\interpreter\linkResolver.cpp, line 773]
Event: 5.648 Thread 0x00000224aca1f820 Exception <a 'java/lang/NoSuchMethodError'{0x00000000fec9de20}: 'int java.lang.invoke.DirectMethodHandle$Holder.invokeStaticInit(java.lang.Object, java.lang.Object)'> (0x00000000fec9de20) 
thrown [s\open\src\hotspot\share\interpreter\linkResolver.cpp, line 773]
Event: 5.670 Thread 0x00000224acd0d150 Exception <a 'sun/nio/fs/WindowsException'{0x00000000fec4c388}> (0x00000000fec4c388) 
thrown [s\open\src\hotspot\share\prims\jni.cpp, line 520]
Event: 5.766 Thread 0x00000224acd0d150 Exception <a 'java/lang/IncompatibleClassChangeError'{0x00000000feb06220}: Found class java.lang.Object, but interface was expected> (0x00000000feb06220) 
thrown [s\open\src\hotspot\share\interpreter\linkResolver.cpp, line 840]
Event: 5.848 Thread 0x00000224acd0d150 Exception <a 'java/lang/IncompatibleClassChangeError'{0x00000000feb20128}: Found class java.lang.Object, but interface was expected> (0x00000000feb20128) 
thrown [s\open\src\hotspot\share\interpreter\linkResolver.cpp, line 840]
Event: 5.861 Thread 0x00000224acd0d150 Exception <a 'java/lang/IncompatibleClassChangeError'{0x00000000feb283d0}: Found class java.lang.Object, but interface was expected> (0x00000000feb283d0) 
thrown [s\open\src\hotspot\share\interpreter\linkResolver.cpp, line 840]
Event: 5.873 Thread 0x00000224acd0d150 Exception <a 'java/lang/IncompatibleClassChangeError'{0x00000000feb2f5a8}: Found class java.lang.Object, but interface was expected> (0x00000000feb2f5a8) 
thrown [s\open\src\hotspot\share\interpreter\linkResolver.cpp, line 840]
Event: 6.421 Thread 0x00000224aca1f820 Implicit null exception at 0x00000224a2523935 to 0x00000224a2523ba0
Event: 6.512 Thread 0x00000224aca1f820 Implicit null exception at 0x00000224a25116b8 to 0x00000224a2511904
Event: 125.172 Thread 0x00000224acd0d150 Exception <a 'java/lang/IncompatibleClassChangeError'{0x00000000fff3e360}: Found class java.lang.Object, but interface was expected> (0x00000000fff3e360) 
thrown [s\open\src\hotspot\share\interpreter\linkResolver.cpp, line 840]

ZGC Phase Switch (0 events):
No events

VM Operations (20 events):
Event: 4.083 Executing VM operation: HandshakeAllThreads (Deoptimize)
Event: 4.083 Executing VM operation: HandshakeAllThreads (Deoptimize) done
Event: 5.084 Executing VM operation: Cleanup
Event: 5.085 Executing VM operation: Cleanup done
Event: 6.045 Executing VM operation: HandshakeAllThreads (Deoptimize)
Event: 6.236 Executing VM operation: HandshakeAllThreads (Deoptimize) done
Event: 6.236 Executing VM operation: Cleanup
Event: 6.236 Executing VM operation: Cleanup done
Event: 6.237 Executing VM operation: G1CollectForAllocation (G1 Evacuation Pause)
Event: 6.328 Executing VM operation: G1CollectForAllocation (G1 Evacuation Pause) done
Event: 8.331 Executing VM operation: Cleanup
Event: 8.332 Executing VM operation: Cleanup done
Event: 60.151 Executing VM operation: HandshakeAllThreads (HandshakeForDeflation)
Event: 60.154 Executing VM operation: HandshakeAllThreads (HandshakeForDeflation) done
Event: 60.154 Executing VM operation: RendezvousGCThreads
Event: 60.155 Executing VM operation: RendezvousGCThreads done
Event: 124.751 Executing VM operation: Cleanup
Event: 124.820 Executing VM operation: Cleanup done
Event: 125.820 Executing VM operation: Cleanup
Event: 125.821 Executing VM operation: Cleanup done

Events (20 events):
Event: 0.105 Thread 0x00000224ac7e7b80 Thread added: 0x00000224ac7e7b80
Event: 0.105 Thread 0x00000224ac7edff0 Thread added: 0x00000224ac7edff0
Event: 0.105 Thread 0x00000224ac7ecd30 Thread added: 0x00000224ac7ecd30
Event: 0.106 Thread 0x00000224ac7f3b10 Thread added: 0x00000224ac7f3b10
Event: 0.106 Thread 0x00000224ac7f4d50 Thread added: 0x00000224ac7f4d50
Event: 0.155 Thread 0x00000224aca5c2e0 Thread added: 0x00000224aca5c2e0
Event: 0.161 Thread 0x00000224aca75d50 Thread added: 0x00000224aca75d50
Event: 1.464 Thread 0x00000224acd0d150 Thread added: 0x00000224acd0d150
Event: 1.472 Thread 0x00000224903dc790 Thread exited: 0x00000224903dc790
Event: 1.472 Thread 0x00000224903dc790 Thread added: 0x00000224903dc790
Event: 5.567 Thread 0x00000224f21d5f60 Thread added: 0x00000224f21d5f60
Event: 5.627 Thread 0x00000224aca1f820 Thread added: 0x00000224aca1f820
Event: 5.838 Thread 0x00000224f2dc7ff0 Thread added: 0x00000224f2dc7ff0
Event: 5.968 Thread 0x00000224f2df5200 Thread added: 0x00000224f2df5200
Event: 5.978 Thread 0x00000224ac9d0080 Thread added: 0x00000224ac9d0080
Event: 6.010 Thread 0x00000224ac9d6c10 Thread added: 0x00000224ac9d6c10
Event: 6.017 Thread 0x00000224ac9d7280 Thread added: 0x00000224ac9d7280
Event: 66.862 Thread 0x00000224aca1f820 Thread exited: 0x00000224aca1f820
Event: 124.744 Thread 0x00000224f2f21060 Thread added: 0x00000224f2f21060
Event: 124.850 Thread 0x00000224f2f209d0 Thread added: 0x00000224f2f209d0


Dynamic libraries:
0x00007ff7e80b0000 - 0x00007ff7e80c0000 	C:\Program Files\Java\jdk-21\bin\java.exe
0x00007ff9e6950000 - 0x00007ff9e6b67000 	C:\Windows\SYSTEM32\ntdll.dll
0x00007ff9e4fa0000 - 0x00007ff9e5064000 	C:\Windows\System32\KERNEL32.DLL
0x00007ff9e4120000 - 0x00007ff9e44c6000 	C:\Windows\System32\KERNELBASE.dll
0x00007ff9e3f90000 - 0x00007ff9e40a1000 	C:\Windows\System32\ucrtbase.dll
0x00007ff9c8dc0000 - 0x00007ff9c8dd9000 	C:\Program Files\Java\jdk-21\bin\jli.dll
0x00007ff9c8e10000 - 0x00007ff9c8e2b000 	C:\Program Files\Java\jdk-21\bin\VCRUNTIME140.dll
0x00007ff9e57f0000 - 0x00007ff9e58a3000 	C:\Windows\System32\ADVAPI32.dll
0x00007ff9e4ce0000 - 0x00007ff9e4d87000 	C:\Windows\System32\msvcrt.dll
0x00007ff9e54e0000 - 0x00007ff9e5588000 	C:\Windows\System32\sechost.dll
0x00007ff9e3df0000 - 0x00007ff9e3e18000 	C:\Windows\System32\bcrypt.dll
0x00007ff9e5070000 - 0x00007ff9e5187000 	C:\Windows\System32\RPCRT4.dll
0x00007ff9e65e0000 - 0x00007ff9e678e000 	C:\Windows\System32\USER32.dll
0x00007ff9ce570000 - 0x00007ff9ce803000 	C:\Windows\WinSxS\amd64_microsoft.windows.common-controls_6595b64144ccf1df_6.0.22621.2506_none_270c5ae97388e100\COMCTL32.dll
0x00007ff9e4670000 - 0x00007ff9e4696000 	C:\Windows\System32\win32u.dll
0x00007ff9e5390000 - 0x00007ff9e53b9000 	C:\Windows\System32\GDI32.dll
0x00007ff9e44d0000 - 0x00007ff9e45e8000 	C:\Windows\System32\gdi32full.dll
0x00007ff9e3d50000 - 0x00007ff9e3dea000 	C:\Windows\System32\msvcp_win.dll
0x00007ff9dd030000 - 0x00007ff9dd03a000 	C:\Windows\SYSTEM32\VERSION.dll
0x00007ff9e4b40000 - 0x00007ff9e4b71000 	C:\Windows\System32\IMM32.DLL
0x00007ff9d0e10000 - 0x00007ff9d0e1c000 	C:\Program Files\Java\jdk-21\bin\vcruntime140_1.dll
0x00007ff9aa130000 - 0x00007ff9aa1be000 	C:\Program Files\Java\jdk-21\bin\msvcp140.dll
0x00007ff957e10000 - 0x00007ff958b27000 	C:\Program Files\Java\jdk-21\bin\server\jvm.dll
0x00007ff9e6560000 - 0x00007ff9e65d1000 	C:\Windows\System32\WS2_32.dll
0x00007ff9e3b60000 - 0x00007ff9e3bad000 	C:\Windows\SYSTEM32\POWRPROF.dll
0x00007ff9dc130000 - 0x00007ff9dc164000 	C:\Windows\SYSTEM32\WINMM.dll
0x00007ff9e3a90000 - 0x00007ff9e3aa3000 	C:\Windows\SYSTEM32\UMPDC.dll
0x00007ff9e2c90000 - 0x00007ff9e2ca8000 	C:\Windows\SYSTEM32\kernel.appcore.dll
0x00007ff9d0bc0000 - 0x00007ff9d0bca000 	C:\Program Files\Java\jdk-21\bin\jimage.dll
0x00007ff9e12e0000 - 0x00007ff9e1513000 	C:\Windows\SYSTEM32\DBGHELP.DLL
0x00007ff9e61d0000 - 0x00007ff9e6559000 	C:\Windows\System32\combase.dll
0x00007ff9e4ec0000 - 0x00007ff9e4f97000 	C:\Windows\System32\OLEAUT32.dll
0x00007ff9c4a70000 - 0x00007ff9c4aa2000 	C:\Windows\SYSTEM32\dbgcore.DLL
0x00007ff9e45f0000 - 0x00007ff9e466a000 	C:\Windows\System32\bcryptPrimitives.dll
0x00007ff9c3d10000 - 0x00007ff9c3d2f000 	C:\Program Files\Java\jdk-21\bin\java.dll
0x00007ff9e58c0000 - 0x00007ff9e611b000 	C:\Windows\System32\SHELL32.dll
0x00007ff9e1ba0000 - 0x00007ff9e2496000 	C:\Windows\SYSTEM32\windows.storage.dll
0x00007ff9e1a60000 - 0x00007ff9e1b9e000 	C:\Windows\SYSTEM32\wintypes.dll
0x00007ff9e4dc0000 - 0x00007ff9e4eb3000 	C:\Windows\System32\SHCORE.dll
0x00007ff9e6170000 - 0x00007ff9e61ce000 	C:\Windows\System32\shlwapi.dll
0x00007ff9e3bc0000 - 0x00007ff9e3be6000 	C:\Windows\SYSTEM32\profapi.dll
0x00007ff9a66e0000 - 0x00007ff9a67b7000 	C:\Program Files\Java\jdk-21\bin\jsvml.dll
0x00007ff9d03b0000 - 0x00007ff9d03c0000 	C:\Program Files\Java\jdk-21\bin\net.dll
0x00007ff9dcb70000 - 0x00007ff9dcca7000 	C:\Windows\SYSTEM32\WINHTTP.dll
0x00007ff9e3100000 - 0x00007ff9e3169000 	C:\Windows\system32\mswsock.dll
0x00007ff9b92c0000 - 0x00007ff9b92d6000 	C:\Program Files\Java\jdk-21\bin\nio.dll
0x00007ff9b4600000 - 0x00007ff9b4618000 	C:\Program Files\Java\jdk-21\bin\zip.dll
0x00007ff9e3450000 - 0x00007ff9e346b000 	C:\Windows\SYSTEM32\CRYPTSP.dll
0x00007ff9e2bf0000 - 0x00007ff9e2c25000 	C:\Windows\system32\rsaenh.dll
0x00007ff9e31a0000 - 0x00007ff9e31cc000 	C:\Windows\SYSTEM32\USERENV.dll
0x00007ff9e3430000 - 0x00007ff9e343c000 	C:\Windows\SYSTEM32\CRYPTBASE.dll
0x00007ff9e2700000 - 0x00007ff9e272d000 	C:\Windows\SYSTEM32\IPHLPAPI.DLL
0x00007ff9e5420000 - 0x00007ff9e5429000 	C:\Windows\System32\NSI.dll

dbghelp: loaded successfully - version: 4.0.5 - missing functions: none
symbol engine: initialized successfully - sym options: 0x614 - pdb path: .;C:\Program Files\Java\jdk-21\bin;C:\Windows\SYSTEM32;C:\Windows\WinSxS\amd64_microsoft.windows.common-controls_6595b64144ccf1df_6.0.22621.2506_none_270c5ae97388e100;C:\Program Files\Java\jdk-21\bin\server

VM Arguments:
jvm_args: -DwatchParentProcess=false -XX:+ExitOnOutOfMemoryError -XX:+HeapDumpOnOutOfMemoryError -XX:HeapDumpPath=c:\Users\duafi\AppData\Roaming\Code\User\globalStorage\redhat.vscode-xml -Xmx64M 
java_command: org.eclipse.lemminx.XMLServerLauncher
java_class_path (initial): c:\Users\duafi\.vscode\extensions\redhat.vscode-xml-0.26.1-win32-x64\server\org.eclipse.lemminx-0.26.1-uber.jar
Launcher Type: SUN_STANDARD

[Global flags]
     intx CICompilerCount                          = 4                                         {product} {ergonomic}
     uint ConcGCThreads                            = 2                                         {product} {ergonomic}
     bool ExitOnOutOfMemoryError                   = true                                      {product} {command line}
     uint G1ConcRefinementThreads                  = 8                                         {product} {ergonomic}
   size_t G1HeapRegionSize                         = 1048576                                   {product} {ergonomic}
    uintx GCDrainStackTargetSize                   = 64                                        {product} {ergonomic}
     bool HeapDumpOnOutOfMemoryError               = true                                   {manageable} {command line}
    ccstr HeapDumpPath                             = c:\Users\duafi\AppData\Roaming\Code\User\globalStorage\redhat.vscode-xml         {manageable} {command line}
   size_t InitialHeapSize                          = 67108864                                  {product} {ergonomic}
   size_t MarkStackSize                            = 4194304                                   {product} {ergonomic}
   size_t MaxHeapSize                              = 67108864                                  {product} {command line}
   size_t MaxNewSize                               = 39845888                                  {product} {ergonomic}
   size_t MinHeapDeltaBytes                        = 1048576                                   {product} {ergonomic}
   size_t MinHeapSize                              = 8388608                                   {product} {ergonomic}
    uintx NonNMethodCodeHeapSize                   = 5839372                                {pd product} {ergonomic}
    uintx NonProfiledCodeHeapSize                  = 122909434                              {pd product} {ergonomic}
    uintx ProfiledCodeHeapSize                     = 122909434                              {pd product} {ergonomic}
    uintx ReservedCodeCacheSize                    = 251658240                              {pd product} {ergonomic}
     bool SegmentedCodeCache                       = true                                      {product} {ergonomic}
   size_t SoftMaxHeapSize                          = 67108864                               {manageable} {ergonomic}
     bool UseCompressedOops                        = true                           {product lp64_product} {ergonomic}
     bool UseG1GC                                  = true                                      {product} {ergonomic}
     bool UseLargePagesIndividualAllocation        = false                                  {pd product} {ergonomic}

Logging:
Log output configuration:
 #0: stdout all=warning uptime,level,tags foldmultilines=false
 #1: stderr all=off uptime,level,tags foldmultilines=false

Environment Variables:
JAVA_HOME=C:\Program Files\Java\jdk-21
PATH=C:\Program Files\Common Files\Oracle\Java\javapath;C:\oracle\product\11.2.0\dbhome_1\bin;D:\APLIKASI\WINDOWS.X64_193000_db_home\bin;E:\app\duafi\product\11.2.0\dbhome_1\bin;C:\Windows\system32;C:\Windows;C:\Windows\System32\Wbem;C:\Windows\System32\WindowsPowerShell\v1.0\;C:\Windows\System32\OpenSSH\;C:\Program Files\Git\cmd;C:\Users\duafi\AppData\Roaming\nvm;C:\Program Files\nodejs;C:\Program Files\MongoDB\Server\6.0\bin;C:\Program Files\Go\bin;C:\laragon\bin\php\php-8.1.10-Win32-vs16-x64;C:\ProgramData\ComposerSetup\bin;C:\Program Files\Java\jdk-21\bin;C:\Users\duafi\AppData\Local\Programs\Python\Python311\Scripts\;C:\Users\duafi\AppData\Local\Programs\Python\Python311\;C:\Users\duafi\AppData\Local\Microsoft\WindowsApps;C:\Users\duafi\AppData\Local\Programs\Microsoft VS Code\bin;C:\Users\duafi\AppData\Roaming\npm;C:\Program Files\JetBrains\WebStorm 2022.3.1\bin;;C:\Users\duafi\AppData\Roaming\nvm;C:\Program Files\nodejs;C:\flutter\bin;C:\Program Files\JetBrains\PyCharm 2022.3.3\bin;;C:\Users\duafi\go\bin;C:\Program Files\Azure Data Studio\bin;C:\Users\duafi\AppData\Roaming\Composer\vendor\bin;C:\Program Files\heroku\bin
USERNAME=duafi
OS=Windows_NT
PROCESSOR_IDENTIFIER=AMD64 Family 23 Model 24 Stepping 1, AuthenticAMD
TMP=C:\Users\duafi\AppData\Local\Temp
TEMP=C:\Users\duafi\AppData\Local\Temp




Periodic native trim disabled

---------------  S Y S T E M  ---------------

OS:
 Windows 11 , 64 bit Build 22621 (10.0.22621.3085)
OS uptime: 2 days 16:20 hours
Hyper-V role detected

CPU: total 8 (initial active 8) (8 cores per cpu, 2 threads per core) family 23 model 24 stepping 1 microcode 0x0, cx8, cmov, fxsr, ht, mmx, 3dnowpref, sse, sse2, sse3, ssse3, sse4a, sse4.1, sse4.2, popcnt, lzcnt, tsc, tscinvbit, avx, avx2, aes, clmul, bmi1, bmi2, adx, sha, fma, vzeroupper, clflush, clflushopt, hv, rdtscp, f16c
Processor Information for all 8 processors :
  Max Mhz: 2100, Current Mhz: 2100, Mhz Limit: 2100

Memory: 4k page, system-wide physical 6055M (101M free)
TotalPageFile size 24487M (AvailPageFile size 0M)
current process WorkingSet (physical memory assigned to process): 36M, peak: 91M
current process commit charge ("private bytes"): 162M, peak: 169M

vm_info: Java HotSpot(TM) 64-Bit Server VM (21.0.2+13-LTS-58) for windows-amd64 JRE (21.0.2+13-LTS-58), built on 2024-01-05T18:32:24Z by "mach5one" with MS VC++ 17.1 (VS2022)

END.
